{"/home/flexsin/Desktop/Contact-Book/my-app/src/App.js": {"path":"/home/flexsin/Desktop/Contact-Book/my-app/src/App.js","statementMap":{"0":{"start":{"line":14,"column":4},"end":{"line":35,"column":6}}},"fnMap":{"0":{"name":"(anonymous_0)","decl":{"start":{"line":13,"column":2},"end":{"line":13,"column":3}},"loc":{"start":{"line":13,"column":11},"end":{"line":36,"column":3}},"line":13}},"branchMap":{},"s":{"0":1},"f":{"0":1},"b":{},"_coverageSchema":"332fd63041d2c1bcb487cc26dd0d5f7d97098a6c","hash":"7a8297823c3d69ac0ed36d4fe401e7bbfefc7976"}
,"/home/flexsin/Desktop/Contact-Book/my-app/src/index.js": {"path":"/home/flexsin/Desktop/Contact-Book/my-app/src/index.js","statementMap":{"0":{"start":{"line":1,"column":32},"end":{"line":1,"column":88}},"1":{"start":{"line":1,"column":102},"end":{"line":1,"column":118}},"2":{"start":{"line":1,"column":133},"end":{"line":1,"column":163}},"3":{"start":{"line":2,"column":16},"end":{"line":2,"column":36}},"4":{"start":{"line":2,"column":54},"end":{"line":2,"column":87}},"5":{"start":{"line":3,"column":0},"end":{"line":3,"column":23}},"6":{"start":{"line":4,"column":11},"end":{"line":4,"column":27}},"7":{"start":{"line":4,"column":40},"end":{"line":4,"column":68}},"8":{"start":{"line":5,"column":29},"end":{"line":5,"column":63}},"9":{"start":{"line":5,"column":94},"end":{"line":5,"column":140}},"10":{"start":{"line":5,"column":179},"end":{"line":5,"column":233}},"11":{"start":{"line":12,"column":0},"end":{"line":12,"column":182}},"12":{"start":{"line":13,"column":0},"end":{"line":13,"column":39}}},"fnMap":{"0":{"name":"_interopRequireDefault","decl":{"start":{"line":5,"column":150},"end":{"line":5,"column":172}},"loc":{"start":{"line":5,"column":178},"end":{"line":5,"column":234}},"line":5}},"branchMap":{"0":{"loc":{"start":{"line":5,"column":186},"end":{"line":5,"column":232}},"type":"cond-expr","locations":[{"start":{"line":5,"column":210},"end":{"line":5,"column":213}},{"start":{"line":5,"column":216},"end":{"line":5,"column":232}}],"line":5},"1":{"loc":{"start":{"line":5,"column":186},"end":{"line":5,"column":207}},"type":"binary-expr","locations":[{"start":{"line":5,"column":186},"end":{"line":5,"column":189}},{"start":{"line":5,"column":193},"end":{"line":5,"column":207}}],"line":5}},"s":{"0":0,"1":0,"2":0,"3":0,"4":0,"5":0,"6":0,"7":0,"8":0,"9":0,"10":0,"11":0,"12":0},"f":{"0":0},"b":{"0":[0,0],"1":[0,0]}}
,"/home/flexsin/Desktop/Contact-Book/my-app/src/registerServiceWorker.js": {"path":"/home/flexsin/Desktop/Contact-Book/my-app/src/registerServiceWorker.js","statementMap":{"0":{"start":{"line":1,"column":13},"end":{"line":1,"column":75}},"1":{"start":{"line":1,"column":75},"end":{"line":21,"column":9}},"2":{"start":{"line":21,"column":9},"end":{"line":102,"column":24}},"3":{"start":{"line":109,"column":20},"end":{"line":111,"column":89}},"4":{"start":{"line":111,"column":111},"end":{"line":117,"column":36}},"5":{"start":{"line":112,"column":22},"end":{"line":112,"column":70}},"6":{"start":{"line":112,"column":71},"end":{"line":115,"column":14}},"7":{"start":{"line":115,"column":6},"end":{"line":115,"column":13}},"8":{"start":{"line":115,"column":14},"end":{"line":117,"column":35}},"9":{"start":{"line":115,"column":67},"end":{"line":115,"column":112}},"10":{"start":{"line":115,"column":113},"end":{"line":117,"column":32}},"11":{"start":{"line":116,"column":8},"end":{"line":116,"column":39}},"12":{"start":{"line":117,"column":8},"end":{"line":117,"column":31}},"13":{"start":{"line":117,"column":70},"end":{"line":124,"column":156}},"14":{"start":{"line":117,"column":132},"end":{"line":124,"column":68}},"15":{"start":{"line":117,"column":193},"end":{"line":117,"column":216}},"16":{"start":{"line":117,"column":217},"end":{"line":124,"column":66}},"17":{"start":{"line":117,"column":257},"end":{"line":124,"column":64}},"18":{"start":{"line":117,"column":302},"end":{"line":124,"column":63}},"19":{"start":{"line":121,"column":12},"end":{"line":121,"column":69}},"20":{"start":{"line":124,"column":12},"end":{"line":124,"column":62}},"21":{"start":{"line":124,"column":87},"end":{"line":124,"column":153}},"22":{"start":{"line":125,"column":2},"end":{"line":128,"column":126}},"23":{"start":{"line":126,"column":4},"end":{"line":128,"column":30}},"24":{"start":{"line":127,"column":6},"end":{"line":127,"column":127}},"25":{"start":{"line":127,"column":58},"end":{"line":127,"column":124}},"26":{"start":{"line":127,"column":96},"end":{"line":127,"column":121}},"27":{"start":{"line":128,"column":6},"end":{"line":128,"column":29}},"28":{"start":{"line":128,"column":46},"end":{"line":128,"column":123}},"29":{"start":{"line":128,"column":150},"end":{"line":128,"column":267}},"30":{"start":{"line":128,"column":185},"end":{"line":128,"column":266}},"31":{"start":{"line":128,"column":237},"end":{"line":128,"column":263}}},"fnMap":{"0":{"name":"register","decl":{"start":{"line":111,"column":99},"end":{"line":111,"column":107}},"loc":{"start":{"line":111,"column":110},"end":{"line":117,"column":37}},"line":111},"1":{"name":"(anonymous_1)","decl":{"start":{"line":115,"column":46},"end":{"line":115,"column":47}},"loc":{"start":{"line":115,"column":52},"end":{"line":117,"column":33}},"line":115},"2":{"name":"registerValidSW","decl":{"start":{"line":117,"column":46},"end":{"line":117,"column":61}},"loc":{"start":{"line":117,"column":69},"end":{"line":124,"column":157}},"line":117},"3":{"name":"(anonymous_3)","decl":{"start":{"line":117,"column":115},"end":{"line":117,"column":116}},"loc":{"start":{"line":117,"column":131},"end":{"line":124,"column":69}},"line":117},"4":{"name":"(anonymous_4)","decl":{"start":{"line":117,"column":161},"end":{"line":117,"column":162}},"loc":{"start":{"line":117,"column":167},"end":{"line":124,"column":67}},"line":117},"5":{"name":"(anonymous_5)","decl":{"start":{"line":117,"column":250},"end":{"line":117,"column":251}},"loc":{"start":{"line":117,"column":256},"end":{"line":124,"column":65}},"line":117},"6":{"name":"(anonymous_6)","decl":{"start":{"line":124,"column":77},"end":{"line":124,"column":78}},"loc":{"start":{"line":124,"column":86},"end":{"line":124,"column":154}},"line":124},"7":{"name":"checkValidServiceWorker","decl":{"start":{"line":124,"column":166},"end":{"line":124,"column":189}},"loc":{"start":{"line":124,"column":197},"end":{"line":128,"column":127}},"line":124},"8":{"name":"(anonymous_8)","decl":{"start":{"line":125,"column":20},"end":{"line":125,"column":21}},"loc":{"start":{"line":125,"column":32},"end":{"line":128,"column":31}},"line":125},"9":{"name":"(anonymous_9)","decl":{"start":{"line":127,"column":41},"end":{"line":127,"column":42}},"loc":{"start":{"line":127,"column":57},"end":{"line":127,"column":125}},"line":127},"10":{"name":"(anonymous_10)","decl":{"start":{"line":127,"column":89},"end":{"line":127,"column":90}},"loc":{"start":{"line":127,"column":95},"end":{"line":127,"column":122}},"line":127},"11":{"name":"(anonymous_11)","decl":{"start":{"line":128,"column":39},"end":{"line":128,"column":40}},"loc":{"start":{"line":128,"column":45},"end":{"line":128,"column":124}},"line":128},"12":{"name":"unregister","decl":{"start":{"line":128,"column":136},"end":{"line":128,"column":146}},"loc":{"start":{"line":128,"column":149},"end":{"line":128,"column":268}},"line":128},"13":{"name":"(anonymous_13)","decl":{"start":{"line":128,"column":220},"end":{"line":128,"column":221}},"loc":{"start":{"line":128,"column":236},"end":{"line":128,"column":264}},"line":128}},"branchMap":{"0":{"loc":{"start":{"line":109,"column":28},"end":{"line":111,"column":88}},"type":"binary-expr","locations":[{"start":{"line":109,"column":28},"end":{"line":109,"column":68}},{"start":{"line":110,"column":0},"end":{"line":110,"column":36}},{"start":{"line":111,"column":0},"end":{"line":111,"column":88}}],"line":109},"1":{"loc":{"start":{"line":111,"column":111},"end":{"line":117,"column":36}},"type":"if","locations":[{"start":{"line":111,"column":111},"end":{"line":117,"column":36}},{"start":{"line":111,"column":111},"end":{"line":117,"column":36}}],"line":111},"2":{"loc":{"start":{"line":111,"column":115},"end":{"line":111,"column":184}},"type":"binary-expr","locations":[{"start":{"line":111,"column":115},"end":{"line":111,"column":152}},{"start":{"line":111,"column":156},"end":{"line":111,"column":184}}],"line":111},"3":{"loc":{"start":{"line":112,"column":71},"end":{"line":115,"column":14}},"type":"if","locations":[{"start":{"line":112,"column":71},"end":{"line":115,"column":14}},{"start":{"line":112,"column":71},"end":{"line":115,"column":14}}],"line":112},"4":{"loc":{"start":{"line":115,"column":113},"end":{"line":117,"column":32}},"type":"if","locations":[{"start":{"line":115,"column":113},"end":{"line":117,"column":32}},{"start":{"line":115,"column":113},"end":{"line":117,"column":32}}],"line":115},"5":{"loc":{"start":{"line":117,"column":257},"end":{"line":124,"column":64}},"type":"if","locations":[{"start":{"line":117,"column":257},"end":{"line":124,"column":64}},{"start":{"line":117,"column":257},"end":{"line":124,"column":64}}],"line":117},"6":{"loc":{"start":{"line":117,"column":302},"end":{"line":124,"column":63}},"type":"if","locations":[{"start":{"line":117,"column":302},"end":{"line":124,"column":63}},{"start":{"line":117,"column":302},"end":{"line":124,"column":63}}],"line":117},"7":{"loc":{"start":{"line":126,"column":4},"end":{"line":128,"column":30}},"type":"if","locations":[{"start":{"line":126,"column":4},"end":{"line":128,"column":30}},{"start":{"line":126,"column":4},"end":{"line":128,"column":30}}],"line":126},"8":{"loc":{"start":{"line":126,"column":8},"end":{"line":126,"column":100}},"type":"binary-expr","locations":[{"start":{"line":126,"column":8},"end":{"line":126,"column":31}},{"start":{"line":126,"column":35},"end":{"line":126,"column":100}}],"line":126},"9":{"loc":{"start":{"line":128,"column":150},"end":{"line":128,"column":267}},"type":"if","locations":[{"start":{"line":128,"column":150},"end":{"line":128,"column":267}},{"start":{"line":128,"column":150},"end":{"line":128,"column":267}}],"line":128}},"s":{"0":0,"1":0,"2":0,"3":0,"4":0,"5":0,"6":0,"7":0,"8":0,"9":0,"10":0,"11":0,"12":0,"13":0,"14":0,"15":0,"16":0,"17":0,"18":0,"19":0,"20":0,"21":0,"22":0,"23":0,"24":0,"25":0,"26":0,"27":0,"28":0,"29":0,"30":0,"31":0},"f":{"0":0,"1":0,"2":0,"3":0,"4":0,"5":0,"6":0,"7":0,"8":0,"9":0,"10":0,"11":0,"12":0,"13":0},"b":{"0":[0,0,0],"1":[0,0],"2":[0,0],"3":[0,0],"4":[0,0],"5":[0,0],"6":[0,0],"7":[0,0],"8":[0,0],"9":[0,0]}}
,"/home/flexsin/Desktop/Contact-Book/my-app/src/components/add.js": {"path":"/home/flexsin/Desktop/Contact-Book/my-app/src/components/add.js","statementMap":{"0":{"start":{"line":7,"column":8},"end":{"line":7,"column":21}},"1":{"start":{"line":8,"column":8},"end":{"line":8,"column":51}},"2":{"start":{"line":9,"column":8},"end":{"line":9,"column":55}},"3":{"start":{"line":10,"column":8},"end":{"line":10,"column":49}},"4":{"start":{"line":11,"column":8},"end":{"line":11,"column":57}},"5":{"start":{"line":14,"column":8},"end":{"line":14,"column":64}},"6":{"start":{"line":17,"column":8},"end":{"line":17,"column":61}},"7":{"start":{"line":21,"column":41},"end":{"line":21,"column":51}},"8":{"start":{"line":22,"column":25},"end":{"line":22,"column":35}},"9":{"start":{"line":23,"column":23},"end":{"line":23,"column":33}},"10":{"start":{"line":24,"column":16},"end":{"line":24,"column":31}},"11":{"start":{"line":25,"column":9},"end":{"line":45,"column":10}},"12":{"start":{"line":26,"column":12},"end":{"line":35,"column":45}},"13":{"start":{"line":28,"column":16},"end":{"line":28,"column":33}},"14":{"start":{"line":29,"column":47},"end":{"line":29,"column":59}},"15":{"start":{"line":30,"column":15},"end":{"line":32,"column":18}},"16":{"start":{"line":33,"column":15},"end":{"line":33,"column":36}},"17":{"start":{"line":35,"column":27},"end":{"line":35,"column":43}},"18":{"start":{"line":38,"column":12},"end":{"line":44,"column":43}},"19":{"start":{"line":40,"column":16},"end":{"line":40,"column":32}},"20":{"start":{"line":41,"column":17},"end":{"line":41,"column":38}},"21":{"start":{"line":44,"column":26},"end":{"line":44,"column":42}},"22":{"start":{"line":50,"column":22},"end":{"line":50,"column":32}},"23":{"start":{"line":51,"column":8},"end":{"line":54,"column":9}},"24":{"start":{"line":52,"column":19},"end":{"line":52,"column":34}},"25":{"start":{"line":53,"column":8},"end":{"line":53,"column":43}},"26":{"start":{"line":53,"column":17},"end":{"line":53,"column":42}},"27":{"start":{"line":58,"column":22},"end":{"line":58,"column":32}},"28":{"start":{"line":59,"column":15},"end":{"line":59,"column":30}},"29":{"start":{"line":60,"column":8},"end":{"line":67,"column":41}},"30":{"start":{"line":62,"column":43},"end":{"line":62,"column":55}},"31":{"start":{"line":63,"column":11},"end":{"line":65,"column":13}},"32":{"start":{"line":67,"column":23},"end":{"line":67,"column":39}},"33":{"start":{"line":71,"column":4},"end":{"line":71,"column":27}},"34":{"start":{"line":72,"column":40},"end":{"line":72,"column":50}},"35":{"start":{"line":73,"column":26},"end":{"line":73,"column":99}},"36":{"start":{"line":75,"column":8},"end":{"line":101,"column":9}}},"fnMap":{"0":{"name":"(anonymous_0)","decl":{"start":{"line":6,"column":4},"end":{"line":6,"column":5}},"loc":{"start":{"line":6,"column":22},"end":{"line":12,"column":5}},"line":6},"1":{"name":"(anonymous_1)","decl":{"start":{"line":13,"column":4},"end":{"line":13,"column":5}},"loc":{"start":{"line":13,"column":23},"end":{"line":15,"column":5}},"line":13},"2":{"name":"(anonymous_2)","decl":{"start":{"line":16,"column":4},"end":{"line":16,"column":5}},"loc":{"start":{"line":16,"column":15},"end":{"line":18,"column":5}},"line":16},"3":{"name":"(anonymous_3)","decl":{"start":{"line":20,"column":4},"end":{"line":20,"column":5}},"loc":{"start":{"line":20,"column":21},"end":{"line":48,"column":5}},"line":20},"4":{"name":"(anonymous_4)","decl":{"start":{"line":27,"column":18},"end":{"line":27,"column":19}},"loc":{"start":{"line":27,"column":30},"end":{"line":34,"column":13}},"line":27},"5":{"name":"(anonymous_5)","decl":{"start":{"line":35,"column":19},"end":{"line":35,"column":20}},"loc":{"start":{"line":35,"column":26},"end":{"line":35,"column":44}},"line":35},"6":{"name":"(anonymous_6)","decl":{"start":{"line":39,"column":18},"end":{"line":39,"column":19}},"loc":{"start":{"line":39,"column":30},"end":{"line":42,"column":13}},"line":39},"7":{"name":"(anonymous_7)","decl":{"start":{"line":44,"column":19},"end":{"line":44,"column":20}},"loc":{"start":{"line":44,"column":26},"end":{"line":44,"column":42}},"line":44},"8":{"name":"(anonymous_8)","decl":{"start":{"line":49,"column":4},"end":{"line":49,"column":5}},"loc":{"start":{"line":49,"column":23},"end":{"line":55,"column":5}},"line":49},"9":{"name":"(anonymous_9)","decl":{"start":{"line":57,"column":4},"end":{"line":57,"column":5}},"loc":{"start":{"line":57,"column":24},"end":{"line":68,"column":5}},"line":57},"10":{"name":"(anonymous_10)","decl":{"start":{"line":61,"column":14},"end":{"line":61,"column":15}},"loc":{"start":{"line":61,"column":26},"end":{"line":66,"column":9}},"line":61},"11":{"name":"(anonymous_11)","decl":{"start":{"line":67,"column":15},"end":{"line":67,"column":16}},"loc":{"start":{"line":67,"column":22},"end":{"line":67,"column":40}},"line":67},"12":{"name":"(anonymous_12)","decl":{"start":{"line":70,"column":4},"end":{"line":70,"column":5}},"loc":{"start":{"line":70,"column":12},"end":{"line":102,"column":5}},"line":70}},"branchMap":{"0":{"loc":{"start":{"line":25,"column":9},"end":{"line":45,"column":10}},"type":"if","locations":[{"start":{"line":25,"column":9},"end":{"line":45,"column":10}},{"start":{"line":25,"column":9},"end":{"line":45,"column":10}}],"line":25},"1":{"loc":{"start":{"line":51,"column":8},"end":{"line":54,"column":9}},"type":"if","locations":[{"start":{"line":51,"column":8},"end":{"line":54,"column":9}},{"start":{"line":51,"column":8},"end":{"line":54,"column":9}}],"line":51},"2":{"loc":{"start":{"line":53,"column":8},"end":{"line":53,"column":43}},"type":"if","locations":[{"start":{"line":53,"column":8},"end":{"line":53,"column":43}},{"start":{"line":53,"column":8},"end":{"line":53,"column":43}}],"line":53},"3":{"loc":{"start":{"line":73,"column":26},"end":{"line":73,"column":99}},"type":"binary-expr","locations":[{"start":{"line":73,"column":26},"end":{"line":73,"column":41}},{"start":{"line":73,"column":46},"end":{"line":73,"column":62}},{"start":{"line":73,"column":66},"end":{"line":73,"column":79}},{"start":{"line":73,"column":83},"end":{"line":73,"column":99}}],"line":73}},"s":{"0":1,"1":1,"2":1,"3":1,"4":1,"5":0,"6":0,"7":0,"8":0,"9":0,"10":0,"11":0,"12":0,"13":0,"14":0,"15":0,"16":0,"17":0,"18":0,"19":0,"20":0,"21":0,"22":1,"23":1,"24":1,"25":1,"26":1,"27":1,"28":1,"29":1,"30":0,"31":0,"32":1,"33":1,"34":1,"35":1,"36":1},"f":{"0":1,"1":0,"2":0,"3":0,"4":0,"5":0,"6":0,"7":0,"8":1,"9":1,"10":0,"11":1,"12":1},"b":{"0":[0,0],"1":[1,0],"2":[1,0],"3":[1,0,0,0]},"_coverageSchema":"332fd63041d2c1bcb487cc26dd0d5f7d97098a6c","hash":"5954851c4942f334a5cdba564e3a55e1d221c981"}
,"/home/flexsin/Desktop/Contact-Book/my-app/src/components/counter.js": {"path":"/home/flexsin/Desktop/Contact-Book/my-app/src/components/counter.js","statementMap":{"0":{"start":{"line":5,"column":8},"end":{"line":5,"column":20}},"1":{"start":{"line":6,"column":8},"end":{"line":8,"column":9}},"2":{"start":{"line":9,"column":8},"end":{"line":9,"column":52}},"3":{"start":{"line":10,"column":8},"end":{"line":10,"column":54}},"4":{"start":{"line":14,"column":8},"end":{"line":14,"column":68}},"5":{"start":{"line":14,"column":37},"end":{"line":14,"column":65}},"6":{"start":{"line":18,"column":7},"end":{"line":20,"column":67}},"7":{"start":{"line":20,"column":36},"end":{"line":20,"column":64}},"8":{"start":{"line":24,"column":23},"end":{"line":24,"column":33}},"9":{"start":{"line":25,"column":8},"end":{"line":31,"column":9}}},"fnMap":{"0":{"name":"(anonymous_0)","decl":{"start":{"line":4,"column":4},"end":{"line":4,"column":5}},"loc":{"start":{"line":4,"column":22},"end":{"line":11,"column":5}},"line":4},"1":{"name":"(anonymous_1)","decl":{"start":{"line":13,"column":4},"end":{"line":13,"column":5}},"loc":{"start":{"line":13,"column":17},"end":{"line":15,"column":5}},"line":13},"2":{"name":"(anonymous_2)","decl":{"start":{"line":14,"column":22},"end":{"line":14,"column":23}},"loc":{"start":{"line":14,"column":37},"end":{"line":14,"column":65}},"line":14},"3":{"name":"(anonymous_3)","decl":{"start":{"line":17,"column":4},"end":{"line":17,"column":5}},"loc":{"start":{"line":17,"column":18},"end":{"line":21,"column":5}},"line":17},"4":{"name":"(anonymous_4)","decl":{"start":{"line":20,"column":21},"end":{"line":20,"column":22}},"loc":{"start":{"line":20,"column":36},"end":{"line":20,"column":64}},"line":20},"5":{"name":"(anonymous_5)","decl":{"start":{"line":23,"column":4},"end":{"line":23,"column":5}},"loc":{"start":{"line":23,"column":12},"end":{"line":32,"column":5}},"line":23}},"branchMap":{"0":{"loc":{"start":{"line":18,"column":14},"end":{"line":20,"column":66}},"type":"cond-expr","locations":[{"start":{"line":19,"column":7},"end":{"line":19,"column":33}},{"start":{"line":20,"column":7},"end":{"line":20,"column":66}}],"line":18}},"s":{"0":0,"1":0,"2":0,"3":0,"4":0,"5":0,"6":0,"7":0,"8":0,"9":0},"f":{"0":0,"1":0,"2":0,"3":0,"4":0,"5":0},"b":{"0":[0,0]},"_coverageSchema":"332fd63041d2c1bcb487cc26dd0d5f7d97098a6c","hash":"190d95eb8b07ad20cb8f9e066ec9d153a47f6acb"}
,"/home/flexsin/Desktop/Contact-Book/my-app/src/components/edit.js": {"path":"/home/flexsin/Desktop/Contact-Book/my-app/src/components/edit.js","statementMap":{"0":{"start":{"line":1,"column":13},"end":{"line":1,"column":75}},"1":{"start":{"line":1,"column":88},"end":{"line":1,"column":104}},"2":{"start":{"line":1,"column":119},"end":{"line":1,"column":149}},"3":{"start":{"line":1,"column":188},"end":{"line":1,"column":242}},"4":{"start":{"line":6,"column":8},"end":{"line":6,"column":20}},"5":{"start":{"line":7,"column":6},"end":{"line":11,"column":12}}},"fnMap":{"0":{"name":"_interopRequireDefault","decl":{"start":{"line":1,"column":159},"end":{"line":1,"column":181}},"loc":{"start":{"line":1,"column":187},"end":{"line":1,"column":243}},"line":1},"1":{"name":"(anonymous_1)","decl":{"start":{"line":5,"column":4},"end":{"line":5,"column":5}},"loc":{"start":{"line":5,"column":13},"end":{"line":7,"column":5}},"line":5}},"branchMap":{"0":{"loc":{"start":{"line":1,"column":195},"end":{"line":1,"column":241}},"type":"cond-expr","locations":[{"start":{"line":1,"column":219},"end":{"line":1,"column":222}},{"start":{"line":1,"column":225},"end":{"line":1,"column":241}}],"line":1},"1":{"loc":{"start":{"line":1,"column":195},"end":{"line":1,"column":216}},"type":"binary-expr","locations":[{"start":{"line":1,"column":195},"end":{"line":1,"column":198}},{"start":{"line":1,"column":202},"end":{"line":1,"column":216}}],"line":1}},"s":{"0":0,"1":0,"2":0,"3":0,"4":0,"5":0},"f":{"0":0,"1":0},"b":{"0":[0,0],"1":[0,0]}}
,"/home/flexsin/Desktop/Contact-Book/my-app/src/components/home.js": {"path":"/home/flexsin/Desktop/Contact-Book/my-app/src/components/home.js","statementMap":{"0":{"start":{"line":6,"column":8},"end":{"line":8,"column":10}}},"fnMap":{"0":{"name":"(anonymous_0)","decl":{"start":{"line":5,"column":4},"end":{"line":5,"column":5}},"loc":{"start":{"line":5,"column":12},"end":{"line":9,"column":5}},"line":5}},"branchMap":{},"s":{"0":2},"f":{"0":2},"b":{},"_coverageSchema":"332fd63041d2c1bcb487cc26dd0d5f7d97098a6c","hash":"c09386b7a91ac1c8cf8104462e1b4b9a96dbc876"}
,"/home/flexsin/Desktop/Contact-Book/my-app/src/components/particular.js": {"path":"/home/flexsin/Desktop/Contact-Book/my-app/src/components/particular.js","statementMap":{"0":{"start":{"line":8,"column":1},"end":{"line":8,"column":14}},"1":{"start":{"line":9,"column":1},"end":{"line":11,"column":2}},"2":{"start":{"line":12,"column":1},"end":{"line":12,"column":58}},"3":{"start":{"line":16,"column":26},"end":{"line":16,"column":36}},"4":{"start":{"line":17,"column":19},"end":{"line":17,"column":34}},"5":{"start":{"line":18,"column":28},"end":{"line":18,"column":38}},"6":{"start":{"line":19,"column":8},"end":{"line":23,"column":41}},"7":{"start":{"line":21,"column":12},"end":{"line":21,"column":33}},"8":{"start":{"line":23,"column":23},"end":{"line":23,"column":39}},"9":{"start":{"line":28,"column":18},"end":{"line":28,"column":28}},"10":{"start":{"line":29,"column":11},"end":{"line":29,"column":26}},"11":{"start":{"line":30,"column":4},"end":{"line":38,"column":10}},"12":{"start":{"line":31,"column":8},"end":{"line":37,"column":41}},"13":{"start":{"line":33,"column":12},"end":{"line":35,"column":20}},"14":{"start":{"line":37,"column":23},"end":{"line":37,"column":39}},"15":{"start":{"line":43,"column":40},"end":{"line":43,"column":58}},"16":{"start":{"line":44,"column":5},"end":{"line":68,"column":6}}},"fnMap":{"0":{"name":"(anonymous_0)","decl":{"start":{"line":7,"column":1},"end":{"line":7,"column":2}},"loc":{"start":{"line":7,"column":19},"end":{"line":14,"column":2}},"line":7},"1":{"name":"(anonymous_1)","decl":{"start":{"line":15,"column":1},"end":{"line":15,"column":2}},"loc":{"start":{"line":15,"column":21},"end":{"line":24,"column":9}},"line":15},"2":{"name":"(anonymous_2)","decl":{"start":{"line":20,"column":14},"end":{"line":20,"column":15}},"loc":{"start":{"line":20,"column":26},"end":{"line":22,"column":9}},"line":20},"3":{"name":"(anonymous_3)","decl":{"start":{"line":23,"column":15},"end":{"line":23,"column":16}},"loc":{"start":{"line":23,"column":22},"end":{"line":23,"column":40}},"line":23},"4":{"name":"(anonymous_4)","decl":{"start":{"line":27,"column":1},"end":{"line":27,"column":2}},"loc":{"start":{"line":27,"column":21},"end":{"line":39,"column":5}},"line":27},"5":{"name":"(anonymous_5)","decl":{"start":{"line":30,"column":23},"end":{"line":30,"column":24}},"loc":{"start":{"line":30,"column":44},"end":{"line":38,"column":9}},"line":30},"6":{"name":"(anonymous_6)","decl":{"start":{"line":32,"column":14},"end":{"line":32,"column":15}},"loc":{"start":{"line":32,"column":26},"end":{"line":36,"column":9}},"line":32},"7":{"name":"(anonymous_7)","decl":{"start":{"line":37,"column":15},"end":{"line":37,"column":16}},"loc":{"start":{"line":37,"column":22},"end":{"line":37,"column":40}},"line":37},"8":{"name":"(anonymous_8)","decl":{"start":{"line":42,"column":1},"end":{"line":42,"column":2}},"loc":{"start":{"line":42,"column":9},"end":{"line":69,"column":2}},"line":42}},"branchMap":{},"s":{"0":0,"1":0,"2":0,"3":0,"4":0,"5":0,"6":0,"7":0,"8":0,"9":0,"10":0,"11":0,"12":0,"13":0,"14":0,"15":0,"16":0},"f":{"0":0,"1":0,"2":0,"3":0,"4":0,"5":0,"6":0,"7":0,"8":0},"b":{},"_coverageSchema":"332fd63041d2c1bcb487cc26dd0d5f7d97098a6c","hash":"18ffd85968dc3dea36244670a8ab4533cccbaa27"}
,"/home/flexsin/Desktop/Contact-Book/my-app/src/components/show.js": {"path":"/home/flexsin/Desktop/Contact-Book/my-app/src/components/show.js","statementMap":{"0":{"start":{"line":7,"column":8},"end":{"line":7,"column":21}},"1":{"start":{"line":8,"column":8},"end":{"line":11,"column":10}},"2":{"start":{"line":16,"column":8},"end":{"line":25,"column":15}},"3":{"start":{"line":17,"column":12},"end":{"line":24,"column":45}},"4":{"start":{"line":19,"column":16},"end":{"line":22,"column":22}},"5":{"start":{"line":24,"column":27},"end":{"line":24,"column":43}},"6":{"start":{"line":46,"column":23},"end":{"line":46,"column":42}},"7":{"start":{"line":47,"column":24},"end":{"line":47,"column":44}},"8":{"start":{"line":48,"column":8},"end":{"line":83,"column":9}},"9":{"start":{"line":49,"column":12},"end":{"line":51,"column":14}},"10":{"start":{"line":53,"column":13},"end":{"line":83,"column":9}},"11":{"start":{"line":54,"column":12},"end":{"line":77,"column":10}},"12":{"start":{"line":60,"column":32},"end":{"line":71,"column":37}},"13":{"start":{"line":79,"column":13},"end":{"line":83,"column":9}},"14":{"start":{"line":80,"column":12},"end":{"line":82,"column":14}}},"fnMap":{"0":{"name":"(anonymous_0)","decl":{"start":{"line":6,"column":4},"end":{"line":6,"column":5}},"loc":{"start":{"line":6,"column":22},"end":{"line":13,"column":5}},"line":6},"1":{"name":"(anonymous_1)","decl":{"start":{"line":15,"column":4},"end":{"line":15,"column":5}},"loc":{"start":{"line":15,"column":23},"end":{"line":27,"column":5}},"line":15},"2":{"name":"(anonymous_2)","decl":{"start":{"line":16,"column":27},"end":{"line":16,"column":28}},"loc":{"start":{"line":16,"column":48},"end":{"line":25,"column":13}},"line":16},"3":{"name":"(anonymous_3)","decl":{"start":{"line":18,"column":18},"end":{"line":18,"column":19}},"loc":{"start":{"line":18,"column":30},"end":{"line":23,"column":13}},"line":18},"4":{"name":"(anonymous_4)","decl":{"start":{"line":24,"column":19},"end":{"line":24,"column":20}},"loc":{"start":{"line":24,"column":26},"end":{"line":24,"column":44}},"line":24},"5":{"name":"(anonymous_5)","decl":{"start":{"line":45,"column":4},"end":{"line":45,"column":5}},"loc":{"start":{"line":45,"column":12},"end":{"line":86,"column":5}},"line":45},"6":{"name":"(anonymous_6)","decl":{"start":{"line":59,"column":46},"end":{"line":59,"column":47}},"loc":{"start":{"line":60,"column":32},"end":{"line":71,"column":37}},"line":60}},"branchMap":{"0":{"loc":{"start":{"line":48,"column":8},"end":{"line":83,"column":9}},"type":"if","locations":[{"start":{"line":48,"column":8},"end":{"line":83,"column":9}},{"start":{"line":48,"column":8},"end":{"line":83,"column":9}}],"line":48},"1":{"loc":{"start":{"line":53,"column":13},"end":{"line":83,"column":9}},"type":"if","locations":[{"start":{"line":53,"column":13},"end":{"line":83,"column":9}},{"start":{"line":53,"column":13},"end":{"line":83,"column":9}}],"line":53},"2":{"loc":{"start":{"line":79,"column":13},"end":{"line":83,"column":9}},"type":"if","locations":[{"start":{"line":79,"column":13},"end":{"line":83,"column":9}},{"start":{"line":79,"column":13},"end":{"line":83,"column":9}}],"line":79}},"s":{"0":0,"1":0,"2":0,"3":0,"4":0,"5":0,"6":0,"7":0,"8":0,"9":0,"10":0,"11":0,"12":0,"13":0,"14":0},"f":{"0":0,"1":0,"2":0,"3":0,"4":0,"5":0,"6":0},"b":{"0":[0,0],"1":[0,0],"2":[0,0]},"_coverageSchema":"332fd63041d2c1bcb487cc26dd0d5f7d97098a6c","hash":"f7c05374a1d3bd4f17d139b14b8d684aa826825a"}
,"/home/flexsin/Desktop/Contact-Book/my-app/src/lib/Http.js": {"path":"/home/flexsin/Desktop/Contact-Book/my-app/src/lib/Http.js","statementMap":{"0":{"start":{"line":5,"column":8},"end":{"line":5,"column":51}},"1":{"start":{"line":9,"column":8},"end":{"line":9,"column":45}},"2":{"start":{"line":13,"column":12},"end":{"line":13,"column":52}},"3":{"start":{"line":16,"column":16},"end":{"line":16,"column":58}}},"fnMap":{"0":{"name":"(anonymous_0)","decl":{"start":{"line":4,"column":8},"end":{"line":4,"column":9}},"loc":{"start":{"line":4,"column":33},"end":{"line":7,"column":9}},"line":4},"1":{"name":"(anonymous_1)","decl":{"start":{"line":8,"column":8},"end":{"line":8,"column":9}},"loc":{"start":{"line":8,"column":27},"end":{"line":11,"column":9}},"line":8},"2":{"name":"(anonymous_2)","decl":{"start":{"line":12,"column":8},"end":{"line":12,"column":9}},"loc":{"start":{"line":12,"column":30},"end":{"line":14,"column":9}},"line":12},"3":{"name":"(anonymous_3)","decl":{"start":{"line":15,"column":8},"end":{"line":15,"column":9}},"loc":{"start":{"line":15,"column":32},"end":{"line":17,"column":13}},"line":15}},"branchMap":{},"s":{"0":0,"1":1,"2":0,"3":0},"f":{"0":0,"1":1,"2":0,"3":0},"b":{},"_coverageSchema":"332fd63041d2c1bcb487cc26dd0d5f7d97098a6c","hash":"519c98030f85cfac1314888ce84b3955e35e5bd6"}
}
