TN:
SF:/home/flexsin/Desktop/Contact-Book/my-app/src/App.js
FN:13,(anonymous_0)
FNF:1
FNH:1
FNDA:1,(anonymous_0)
DA:14,1
LF:1
LH:1
BRF:0
BRH:0
end_of_record
TN:
SF:/home/flexsin/Desktop/Contact-Book/my-app/src/index.js
FN:5,_interopRequireDefault
FNF:1
FNH:0
FNDA:0,_interopRequireDefault
DA:1,0
DA:2,0
DA:3,0
DA:4,0
DA:5,0
DA:12,0
DA:13,0
LF:7
LH:0
BRDA:5,0,0,0
BRDA:5,0,1,0
BRDA:5,1,0,0
BRDA:5,1,1,0
BRF:4
BRH:0
end_of_record
TN:
SF:/home/flexsin/Desktop/Contact-Book/my-app/src/registerServiceWorker.js
FN:111,register
FN:115,(anonymous_1)
FN:117,registerValidSW
FN:117,(anonymous_3)
FN:117,(anonymous_4)
FN:117,(anonymous_5)
FN:124,(anonymous_6)
FN:124,checkValidServiceWorker
FN:125,(anonymous_8)
FN:127,(anonymous_9)
FN:127,(anonymous_10)
FN:128,(anonymous_11)
FN:128,unregister
FN:128,(anonymous_13)
FNF:14
FNH:0
FNDA:0,register
FNDA:0,(anonymous_1)
FNDA:0,registerValidSW
FNDA:0,(anonymous_3)
FNDA:0,(anonymous_4)
FNDA:0,(anonymous_5)
FNDA:0,(anonymous_6)
FNDA:0,checkValidServiceWorker
FNDA:0,(anonymous_8)
FNDA:0,(anonymous_9)
FNDA:0,(anonymous_10)
FNDA:0,(anonymous_11)
FNDA:0,unregister
FNDA:0,(anonymous_13)
DA:1,0
DA:21,0
DA:109,0
DA:111,0
DA:112,0
DA:115,0
DA:116,0
DA:117,0
DA:121,0
DA:124,0
DA:125,0
DA:126,0
DA:127,0
DA:128,0
LF:14
LH:0
BRDA:109,0,0,0
BRDA:109,0,1,0
BRDA:109,0,2,0
BRDA:111,1,0,0
BRDA:111,1,1,0
BRDA:111,2,0,0
BRDA:111,2,1,0
BRDA:112,3,0,0
BRDA:112,3,1,0
BRDA:115,4,0,0
BRDA:115,4,1,0
BRDA:117,5,0,0
BRDA:117,5,1,0
BRDA:117,6,0,0
BRDA:117,6,1,0
BRDA:126,7,0,0
BRDA:126,7,1,0
BRDA:126,8,0,0
BRDA:126,8,1,0
BRDA:128,9,0,0
BRDA:128,9,1,0
BRF:21
BRH:0
end_of_record
TN:
SF:/home/flexsin/Desktop/Contact-Book/my-app/src/components/add.js
FN:6,(anonymous_0)
FN:13,(anonymous_1)
FN:16,(anonymous_2)
FN:20,(anonymous_3)
FN:27,(anonymous_4)
FN:35,(anonymous_5)
FN:39,(anonymous_6)
FN:44,(anonymous_7)
FN:49,(anonymous_8)
FN:57,(anonymous_9)
FN:61,(anonymous_10)
FN:67,(anonymous_11)
FN:70,(anonymous_12)
FNF:13
FNH:5
FNDA:1,(anonymous_0)
FNDA:0,(anonymous_1)
FNDA:0,(anonymous_2)
FNDA:0,(anonymous_3)
FNDA:0,(anonymous_4)
FNDA:0,(anonymous_5)
FNDA:0,(anonymous_6)
FNDA:0,(anonymous_7)
FNDA:1,(anonymous_8)
FNDA:1,(anonymous_9)
FNDA:0,(anonymous_10)
FNDA:1,(anonymous_11)
FNDA:1,(anonymous_12)
DA:7,1
DA:8,1
DA:9,1
DA:10,1
DA:11,1
DA:14,0
DA:17,0
DA:21,0
DA:22,0
DA:23,0
DA:24,0
DA:25,0
DA:26,0
DA:28,0
DA:29,0
DA:30,0
DA:33,0
DA:35,0
DA:38,0
DA:40,0
DA:41,0
DA:44,0
DA:50,1
DA:51,1
DA:52,1
DA:53,1
DA:58,1
DA:59,1
DA:60,1
DA:62,0
DA:63,0
DA:67,1
DA:71,1
DA:72,1
DA:73,1
DA:75,1
LF:36
LH:17
BRDA:25,0,0,0
BRDA:25,0,1,0
BRDA:51,1,0,1
BRDA:51,1,1,0
BRDA:53,2,0,1
BRDA:53,2,1,0
BRDA:73,3,0,1
BRDA:73,3,1,0
BRDA:73,3,2,0
BRDA:73,3,3,0
BRF:10
BRH:3
end_of_record
TN:
SF:/home/flexsin/Desktop/Contact-Book/my-app/src/components/counter.js
FN:4,(anonymous_0)
FN:13,(anonymous_1)
FN:14,(anonymous_2)
FN:17,(anonymous_3)
FN:20,(anonymous_4)
FN:23,(anonymous_5)
FNF:6
FNH:0
FNDA:0,(anonymous_0)
FNDA:0,(anonymous_1)
FNDA:0,(anonymous_2)
FNDA:0,(anonymous_3)
FNDA:0,(anonymous_4)
FNDA:0,(anonymous_5)
DA:5,0
DA:6,0
DA:9,0
DA:10,0
DA:14,0
DA:18,0
DA:20,0
DA:24,0
DA:25,0
LF:9
LH:0
BRDA:18,0,0,0
BRDA:18,0,1,0
BRF:2
BRH:0
end_of_record
TN:
SF:/home/flexsin/Desktop/Contact-Book/my-app/src/components/edit.js
FN:1,_interopRequireDefault
FN:5,(anonymous_1)
FNF:2
FNH:0
FNDA:0,_interopRequireDefault
FNDA:0,(anonymous_1)
DA:1,0
DA:6,0
DA:7,0
LF:3
LH:0
BRDA:1,0,0,0
BRDA:1,0,1,0
BRDA:1,1,0,0
BRDA:1,1,1,0
BRF:4
BRH:0
end_of_record
TN:
SF:/home/flexsin/Desktop/Contact-Book/my-app/src/components/home.js
FN:5,(anonymous_0)
FNF:1
FNH:1
FNDA:2,(anonymous_0)
DA:6,2
LF:1
LH:1
BRF:0
BRH:0
end_of_record
TN:
SF:/home/flexsin/Desktop/Contact-Book/my-app/src/components/particular.js
FN:7,(anonymous_0)
FN:15,(anonymous_1)
FN:20,(anonymous_2)
FN:23,(anonymous_3)
FN:27,(anonymous_4)
FN:30,(anonymous_5)
FN:32,(anonymous_6)
FN:37,(anonymous_7)
FN:42,(anonymous_8)
FNF:9
FNH:0
FNDA:0,(anonymous_0)
FNDA:0,(anonymous_1)
FNDA:0,(anonymous_2)
FNDA:0,(anonymous_3)
FNDA:0,(anonymous_4)
FNDA:0,(anonymous_5)
FNDA:0,(anonymous_6)
FNDA:0,(anonymous_7)
FNDA:0,(anonymous_8)
DA:8,0
DA:9,0
DA:12,0
DA:16,0
DA:17,0
DA:18,0
DA:19,0
DA:21,0
DA:23,0
DA:28,0
DA:29,0
DA:30,0
DA:31,0
DA:33,0
DA:37,0
DA:43,0
DA:44,0
LF:17
LH:0
BRF:0
BRH:0
end_of_record
TN:
SF:/home/flexsin/Desktop/Contact-Book/my-app/src/components/show.js
FN:6,(anonymous_0)
FN:15,(anonymous_1)
FN:16,(anonymous_2)
FN:18,(anonymous_3)
FN:24,(anonymous_4)
FN:45,(anonymous_5)
FN:59,(anonymous_6)
FNF:7
FNH:0
FNDA:0,(anonymous_0)
FNDA:0,(anonymous_1)
FNDA:0,(anonymous_2)
FNDA:0,(anonymous_3)
FNDA:0,(anonymous_4)
FNDA:0,(anonymous_5)
FNDA:0,(anonymous_6)
DA:7,0
DA:8,0
DA:16,0
DA:17,0
DA:19,0
DA:24,0
DA:46,0
DA:47,0
DA:48,0
DA:49,0
DA:53,0
DA:54,0
DA:60,0
DA:79,0
DA:80,0
LF:15
LH:0
BRDA:48,0,0,0
BRDA:48,0,1,0
BRDA:53,1,0,0
BRDA:53,1,1,0
BRDA:79,2,0,0
BRDA:79,2,1,0
BRF:6
BRH:0
end_of_record
TN:
SF:/home/flexsin/Desktop/Contact-Book/my-app/src/lib/Http.js
FN:4,(anonymous_0)
FN:8,(anonymous_1)
FN:12,(anonymous_2)
FN:15,(anonymous_3)
FNF:4
FNH:1
FNDA:0,(anonymous_0)
FNDA:1,(anonymous_1)
FNDA:0,(anonymous_2)
FNDA:0,(anonymous_3)
DA:5,0
DA:9,1
DA:13,0
DA:16,0
LF:4
LH:1
BRF:0
BRH:0
end_of_record
